uuu_version 1.2.39

# @_flash.bin            | bootloader
# @_image   [_flash.bin] | image burn to nand, default is the same as bootloader

# This command will be run when i.MX6/7 i.MX8MM, i.MX8MQ
SDP: boot -f _flash.bin

# This command will be run when ROM support stream mode
# i.MX8QXP, i.MX8QM
SDPS: boot -f _flash.bin

# These commands will be run when use SPL and will be skipped if no spl
# SDPU will be deprecated. please use SDPV instead of SDPU
# {
SDPU: delay 1000
SDPU: write -f _flash.bin -offset 0x57c00
SDPU: jump
# }

# These commands will be run when use SPL and will be skipped if no spl
# if (SPL support SDPV)
# {
SDPV: delay 1000
SDPV: write -f _flash.bin -skipspl
SDPV: jump
# }

FB: ucmd setenv fastboot_buffer ${loadaddr}
FB: download -f _image
FB: ucmd if test ! -n "$fastboot_bytes"; then setenv fastboot_bytes $filesize; else true; fi
# Burn image to nandfit partition if needed
FB: ucmd if env exists nandfit_part; then nand erase.part nandfit; nand write ${fastboot_buffer} nandfit ${fastboot_bytes}; else true; fi;
FB: ucmd nandbcb init ${fastboot_buffer} nandboot ${fastboot_bytes}
FB: Done
