uuu_version 1.2.39

# @_flexspi.bin            | bootloader
# @_image   [_flexspi.bin] | image burn to flexspi, default is the same as bootloader

# This command will be run when i.MX6/7 i.MX8MM, i.MX8MQ
SDP: boot -f _flexspi.bin

# This command will be run when ROM support stream mode
# i.MX8QXP, i.MX8QM, skip QSPI header
SDPS: boot -f _flexspi.bin -offset 0x1000

# These commands will be run when use SPL and will be skipped if no spl
# SDPU will be deprecated. please use SDPV instead of SDPU
# {
SDPU: delay 1000
SDPU: write -f _flexspi.bin-offset 0x60000
SDPU: jump
# }

# These commands will be run when use SPL and will be skipped if no spl
# if (SPL support SDPV)
# {
SDPV: delay 1000
SDPV: write -f _flexspi.bin -skipspl -offset 0x1000
SDPV: jump
# }

FB: ucmd setenv fastboot_buffer ${loadaddr}
FB: download -f _image
FB: ucmd sf probe
FB[-t 40000]: ucmd sf erase 0 +${fastboot_bytes}
FB[-t 20000]: ucmd sf write ${fastboot_buffer} 0 ${fastboot_bytes}
FB: done
