uuu_version 1.2.39

# This command will be run when i.MX6/7 i.MX8MM, i.MX8MQ
SDP: boot -f _flash.bin

# This command will be run when ROM support stream mode
# i.MX8QXP, i.MX8QM
SDPS[-t 10000]: boot -f _flash.bin

# These commands will be run when use SPL and will be skipped if no spl
# SDPU will be deprecated. please use SDPV instead of SDPU
# {
SDPU: delay 1000
SDPU: write -f _flash.bin -offset 0x57c00
SDPU: jump
SDPU: done
# }

# These commands will be run when use SPL and will be skipped if no spl
# if (SPL support SDPV)
# {
SDPV: delay 1000
SDPV: write -f _flash.bin -skipspl
SDPV: jump
SDPV: done
# }
